----------------------------------------------------------------
2016-05-23 15:17:33.260 GMT:
 Booting Derby version The Apache Software Foundation - Apache Derby - 10.5.3.0 - (802917): instance a816c00e-0154-de31-4b6f-000016bff420
on database directory /fastdata/dg-workspace-mars/amp-2.12-release/target/jackrabbit/version/db  

Database Class Loader started - derby.database.classpath=''
----------------------------------------------------------------
2016-05-23 15:17:34.924 GMT:
 Booting Derby version The Apache Software Foundation - Apache Derby - 10.5.3.0 - (802917): instance 52da80c5-0154-de31-4b6f-000016bff420
on database directory /fastdata/dg-workspace-mars/amp-2.12-release/target/jackrabbit/workspaces/default/db  

Database Class Loader started - derby.database.classpath=''
----------------------------------------------------------------
2016-05-23 15:17:36.868 GMT:
 Booting Derby version The Apache Software Foundation - Apache Derby - 10.5.3.0 - (802917): instance 06b1817d-0154-de31-4b6f-000016bff420
on database directory /fastdata/dg-workspace-mars/amp-2.12-release/target/jackrabbit/workspaces/security/db  

Database Class Loader started - derby.database.classpath=''

2016-05-23 15:17:38.380 GMT:
Shutting down instance 52da80c5-0154-de31-4b6f-000016bff420
----------------------------------------------------------------

2016-05-23 15:17:38.509 GMT:
Shutting down instance 06b1817d-0154-de31-4b6f-000016bff420
----------------------------------------------------------------

2016-05-23 15:17:38.643 GMT:
Shutting down instance a816c00e-0154-de31-4b6f-000016bff420
----------------------------------------------------------------
----------------------------------------------------------------
2016-05-23 15:17:38.687 GMT:
 Booting Derby version The Apache Software Foundation - Apache Derby - 10.5.3.0 - (802917): instance db988235-0154-de31-4b6f-000016bff420
on database directory /fastdata/dg-workspace-mars/amp-2.12-release/target/jackrabbit/version/db  

Database Class Loader started - derby.database.classpath=''
----------------------------------------------------------------
2016-05-23 15:17:38.792 GMT:
 Booting Derby version The Apache Software Foundation - Apache Derby - 10.5.3.0 - (802917): instance de3f0248-0154-de31-4b6f-000016bff420
on database directory /fastdata/dg-workspace-mars/amp-2.12-release/target/jackrabbit/workspaces/default/db  

Database Class Loader started - derby.database.classpath=''
----------------------------------------------------------------
2016-05-23 15:17:38.888 GMT:
 Booting Derby version The Apache Software Foundation - Apache Derby - 10.5.3.0 - (802917): instance d13fc25b-0154-de31-4b6f-000016bff420
on database directory /fastdata/dg-workspace-mars/amp-2.12-release/target/jackrabbit/workspaces/security/db  

Database Class Loader started - derby.database.classpath=''

2016-05-23 15:17:38.997 GMT:
Shutting down instance de3f0248-0154-de31-4b6f-000016bff420
----------------------------------------------------------------

2016-05-23 15:17:39.008 GMT:
Shutting down instance d13fc25b-0154-de31-4b6f-000016bff420
----------------------------------------------------------------

2016-05-23 15:17:39.027 GMT:
Shutting down instance db988235-0154-de31-4b6f-000016bff420
----------------------------------------------------------------
----------------------------------------------------------------
2016-05-23 15:17:39.088 GMT:
 Booting Derby version The Apache Software Foundation - Apache Derby - 10.5.3.0 - (802917): instance 649ac26e-0154-de31-4b6f-000016bff420
on database directory /fastdata/dg-workspace-mars/amp-2.12-release/target/jackrabbit/version/db  

Database Class Loader started - derby.database.classpath=''
----------------------------------------------------------------
2016-05-23 15:17:39.171 GMT:
 Booting Derby version The Apache Software Foundation - Apache Derby - 10.5.3.0 - (802917): instance 48500281-0154-de31-4b6f-000016bff420
on database directory /fastdata/dg-workspace-mars/amp-2.12-release/target/jackrabbit/workspaces/default/db  

Database Class Loader started - derby.database.classpath=''
----------------------------------------------------------------
2016-05-23 15:17:39.267 GMT:
 Booting Derby version The Apache Software Foundation - Apache Derby - 10.5.3.0 - (802917): instance 2c5f8294-0154-de31-4b6f-000016bff420
on database directory /fastdata/dg-workspace-mars/amp-2.12-release/target/jackrabbit/workspaces/security/db  

Database Class Loader started - derby.database.classpath=''

2016-05-23 15:17:39.339 GMT:
Shutting down instance 48500281-0154-de31-4b6f-000016bff420
----------------------------------------------------------------

2016-05-23 15:17:39.350 GMT:
Shutting down instance 2c5f8294-0154-de31-4b6f-000016bff420
----------------------------------------------------------------

2016-05-23 15:17:39.360 GMT:
Shutting down instance 649ac26e-0154-de31-4b6f-000016bff420
----------------------------------------------------------------
