0 silly argv {
0 silly argv   _: [ 'clean' ],
0 silly argv   lernaVersion: '7.1.5',
0 silly argv   '$0': '/Users/tim/Work/DG/amp/amp/TEMPLATE/reampv2/node_modules/.bin/lerna'
0 silly argv }
1 notice cli v7.1.5
2 verbose packageConfigs Explicit "packages" configuration found in lerna.json. Resolving packages using the configured glob(s): ["packages/*"]
3 verbose rootPath /Users/tim/Work/DG/amp/amp/TEMPLATE/reampv2
4 info Removing the following directories:
5 info clean packages/ampoffline/node_modules
5 info clean packages/container/node_modules
5 info clean packages/reampv2-app/node_modules
5 info clean packages/user-manager/node_modules
6 info clean removing /Users/tim/Work/DG/amp/amp/TEMPLATE/reampv2/packages/ampoffline/node_modules
7 silly rimrafDir /Users/tim/Work/DG/amp/amp/TEMPLATE/reampv2/packages/ampoffline/node_modules
8 info clean removing /Users/tim/Work/DG/amp/amp/TEMPLATE/reampv2/packages/container/node_modules
9 silly rimrafDir /Users/tim/Work/DG/amp/amp/TEMPLATE/reampv2/packages/container/node_modules
10 info clean removing /Users/tim/Work/DG/amp/amp/TEMPLATE/reampv2/packages/reampv2-app/node_modules
11 silly rimrafDir /Users/tim/Work/DG/amp/amp/TEMPLATE/reampv2/packages/reampv2-app/node_modules
12 info clean removing /Users/tim/Work/DG/amp/amp/TEMPLATE/reampv2/packages/user-manager/node_modules
13 silly rimrafDir /Users/tim/Work/DG/amp/amp/TEMPLATE/reampv2/packages/user-manager/node_modules
14 error
